<?xml version="1.0" encoding="UTF-8"?>
<!-- Generated by org.testng.reporters.JUnitReportReporter -->
<testsuite hostname="LAPTOP-F7URK354" failures="0" tests="1" name="week1.venniala_scripts.CreateAccounts" time="0.000" errors="0" timestamp="2021-08-15T16:59:39 IST" skipped="1">
  <testcase classname="week1.venniala_scripts.CreateAccounts" name="createAccount" time="0.000">
    <skipped/>
  </testcase> <!-- createAccount -->
  <system-out/>
</testsuite> <!-- week1.venniala_scripts.CreateAccounts -->
