<?xml version="1.0" encoding="UTF-8"?>
<!-- Generated by org.testng.reporters.JUnitReportReporter -->
<testsuite hostname="LAPTOP-F7URK354" failures="0" tests="1" name="testcase.CreateAccounts" time="44.978" errors="0" timestamp="2021-08-22T14:44:05 IST" skipped="0">
  <testcase classname="testcase.CreateAccounts" name="createAccounts" time="44.978"/>
  <system-out/>
</testsuite> <!-- testcase.CreateAccounts -->
