<?xml version="1.0" encoding="UTF-8"?>
<!-- Generated by org.testng.reporters.JUnitReportReporter -->
<testsuite hostname="LAPTOP-F7URK354" failures="0" tests="1" name="testcase.DeleteAccount" time="48.811" errors="0" timestamp="2021-08-22T14:44:05 IST" skipped="0">
  <testcase classname="testcase.DeleteAccount" name="deleteAccount" time="48.811"/>
  <system-out/>
</testsuite> <!-- testcase.DeleteAccount -->
