<?xml version="1.0" encoding="UTF-8"?>
<!-- Generated by org.testng.reporters.JUnitReportReporter -->
<testsuite hostname="LAPTOP-F7URK354" failures="0" tests="1" name="testcase.EditAccounts" time="53.097" errors="0" timestamp="2021-08-26T08:07:38 IST" skipped="0">
  <testcase classname="testcase.EditAccounts" name="createAccounts" time="53.097"/>
  <system-out/>
</testsuite> <!-- testcase.EditAccounts -->
