<?xml version="1.0" encoding="UTF-8"?>
<!-- Generated by org.testng.reporters.JUnitReportReporter -->
<testsuite hostname="LAPTOP-F7URK354" failures="0" tests="1" name="testcase.CreateOpportunity" time="27.528" errors="1" timestamp="2021-08-22T14:44:05 IST" skipped="0">
  <testcase classname="testcase.CreateOpportunity" name="createOpportunity" time="27.528">
    <error message="Unresolved compilation problem: 
	The constructor HomePage() is undefined
" type="java.lang.Error">
      <![CDATA[java.lang.Error: Unresolved compilation problem: 
The constructor HomePage() is undefined

at pages.AppLauncherPage.clickSales(AppLauncherPage.java:22)
at testcase.CreateOpportunity.createOpportunity(CreateOpportunity.java:17)
at java.base/jdk.internal.reflect.NativeMethodAccessorImpl.invoke0(Native Method)
at java.base/jdk.internal.reflect.NativeMethodAccessorImpl.invoke(NativeMethodAccessorImpl.java:78)
at java.base/jdk.internal.reflect.DelegatingMethodAccessorImpl.invoke(DelegatingMethodAccessorImpl.java:43)
at java.base/java.lang.reflect.Method.invoke(Method.java:567)
at org.testng.internal.MethodInvocationHelper.invokeMethod(MethodInvocationHelper.java:133)
at org.testng.internal.TestInvoker.invokeMethod(TestInvoker.java:598)
at org.testng.internal.TestInvoker.invokeTestMethod(TestInvoker.java:173)
at org.testng.internal.MethodRunner.runInSequence(MethodRunner.java:46)
at org.testng.internal.TestInvoker$MethodInvocationAgent.invoke(TestInvoker.java:824)
at org.testng.internal.TestInvoker.invokeTestMethods(TestInvoker.java:146)
at org.testng.internal.TestMethodWorker.invokeTestMethods(TestMethodWorker.java:146)
at org.testng.internal.TestMethodWorker.run(TestMethodWorker.java:128)
at java.base/java.util.concurrent.ThreadPoolExecutor.runWorker(ThreadPoolExecutor.java:1130)
at java.base/java.util.concurrent.ThreadPoolExecutor$Worker.run(ThreadPoolExecutor.java:630)
at java.base/java.lang.Thread.run(Thread.java:831)
]]>
    </error>
  </testcase> <!-- createOpportunity -->
  <system-out/>
</testsuite> <!-- testcase.CreateOpportunity -->
