<?xml version="1.0" encoding="UTF-8"?>
<!-- Generated by org.testng.reporters.JUnitReportReporter -->
<testsuite hostname="LAPTOP-F7URK354" failures="0" tests="1" name="testcase.EditOpportunity" time="54.244" errors="0" timestamp="2021-08-22T16:05:36 IST" skipped="0">
  <testcase classname="testcase.EditOpportunity" name="EditOpportunity" time="54.244"/>
  <system-out/>
</testsuite> <!-- testcase.EditOpportunity -->
