<?xml version="1.0" encoding="UTF-8"?>
<!-- Generated by org.testng.reporters.JUnitReportReporter -->
<testsuite hostname="LAPTOP-F7URK354" failures="0" tests="1" name="week1.venniala_scripts.DeleteAccount" time="39.459" errors="0" timestamp="2021-08-24T06:53:30 IST" skipped="0">
  <testcase classname="week1.venniala_scripts.DeleteAccount" name="DeleteAccount" time="39.459"/>
  <system-out/>
</testsuite> <!-- week1.venniala_scripts.DeleteAccount -->
