<?xml version="1.0" encoding="UTF-8"?>
<!-- Generated by org.testng.reporters.JUnitReportReporter -->
<testsuite hostname="LAPTOP-F7URK354" failures="0" tests="1" name="week1.venniala_scripts.EditAccounts" time="59.323" errors="0" timestamp="2021-08-24T07:18:44 IST" skipped="0">
  <testcase classname="week1.venniala_scripts.EditAccounts" name="editAccounts" time="59.323"/>
  <system-out/>
</testsuite> <!-- week1.venniala_scripts.EditAccounts -->
