<?xml version="1.0" encoding="UTF-8"?>
<!-- Generated by org.testng.reporters.JUnitReportReporter -->
<testsuite hostname="LAPTOP-F7URK354" failures="0" tests="1" name="week2.vennila_scripts.CertificationsSortOrder" time="134.608" errors="0" timestamp="2021-08-15T19:41:35 IST" skipped="0">
  <testcase classname="week2.vennila_scripts.CertificationsSortOrder" name="CertificationSortOrder" time="134.608"/>
  <system-out/>
</testsuite> <!-- week2.vennila_scripts.CertificationsSortOrder -->
