<?xml version="1.0" encoding="UTF-8"?>
<!-- Generated by org.testng.reporters.JUnitReportReporter -->
<testsuite hostname="LAPTOP-F7URK354" failures="0" tests="1" name="week1.venniala_scripts.CreateAccounts" time="44.920" errors="0" timestamp="2021-08-15T19:41:35 IST" skipped="0">
  <testcase classname="week1.venniala_scripts.CreateAccounts" name="createAccount" time="44.920"/>
  <system-out/>
</testsuite> <!-- week1.venniala_scripts.CreateAccounts -->
