<?xml version="1.0" encoding="UTF-8"?>
<!-- Generated by org.testng.reporters.JUnitReportReporter -->
<testsuite hostname="LAPTOP-F7URK354" failures="0" tests="1" name="week3.vennila_scripts.Assessment1" time="64.586" errors="0" timestamp="2021-08-23T16:15:58 IST" skipped="0">
  <testcase classname="week3.vennila_scripts.Assessment1" name="assessment1" time="64.586"/>
  <system-out/>
</testsuite> <!-- week3.vennila_scripts.Assessment1 -->
