<?xml version="1.0" encoding="UTF-8"?>
<!-- Generated by org.testng.reporters.JUnitReportReporter -->
<testsuite hostname="LAPTOP-F7URK354" failures="0" tests="1" name="week2.vennila_scripts.CreateWorkTypeDebugScript" time="42.784" errors="0" timestamp="2021-08-15T19:41:35 IST" skipped="0">
  <testcase classname="week2.vennila_scripts.CreateWorkTypeDebugScript" name="createWorkTypeDebugScript" time="42.784"/>
  <system-out/>
</testsuite> <!-- week2.vennila_scripts.CreateWorkTypeDebugScript -->
